[debug] [2025-10-24T16:49:25.785Z] ----------------------------------------------------------------------
[debug] [2025-10-24T16:49:25.788Z] Command:       C:\Program Files\nodejs\node.exe C:\Users\Pichau\AppData\Roaming\npm\node_modules\firebase-tools\lib\bin\firebase.js init
[debug] [2025-10-24T16:49:25.788Z] CLI Version:   14.16.0
[debug] [2025-10-24T16:49:25.788Z] Platform:      win32
[debug] [2025-10-24T16:49:25.788Z] Node Version:  v22.19.0
[debug] [2025-10-24T16:49:25.788Z] Time:          Fri Oct 24 2025 13:49:25 GMT-0300 (Horário Padrão de Brasília)
[debug] [2025-10-24T16:49:25.788Z] ----------------------------------------------------------------------
[debug] 
[debug] [2025-10-24T16:49:25.790Z] >>> [apiv2][query] GET https://firebase-public.firebaseio.com/cli.json [none]
[debug] [2025-10-24T16:49:25.955Z] > command requires scopes: ["email","openid","https://www.googleapis.com/auth/cloudplatformprojects.readonly","https://www.googleapis.com/auth/firebase","https://www.googleapis.com/auth/cloud-platform"]
[debug] [2025-10-24T16:49:25.955Z] > authorizing via signed-in user (martinsj773@gmail.com)
[info] 
     ######## #### ########  ######## ########     ###     ######  ########
     ##        ##  ##     ## ##       ##     ##  ##   ##  ##       ##
     ######    ##  ########  ######   ########  #########  ######  ######
     ##        ##  ##    ##  ##       ##     ## ##     ##       ## ##
     ##       #### ##     ## ######## ########  ##     ##  ######  ########

You're about to initialize a Firebase project in this directory:

  C:\Users\Pichau\Documents\GitHub\GymBeat

Before we get started, keep in mind:

  * You are initializing within an existing Firebase project directory

[debug] [2025-10-24T16:49:26.279Z] <<< [apiv2][status] GET https://firebase-public.firebaseio.com/cli.json 200
[debug] [2025-10-24T16:49:26.279Z] <<< [apiv2][body] GET https://firebase-public.firebaseio.com/cli.json {"cloudBuildErrorAfter":1594252800000,"cloudBuildWarnAfter":1590019200000,"defaultNode10After":1594252800000,"minVersion":"3.0.5","node8DeploysDisabledAfter":1613390400000,"node8RuntimeDisabledAfter":1615809600000,"node8WarnAfter":1600128000000}
